<?xml version="1.0" encoding="UTF-8"?>
<coverage generated="1545742954252" clover="3.2.0">
  <project timestamp="1545742954252" name="All files">
    <metrics statements="64" coveredstatements="51" conditionals="82" coveredconditionals="53" methods="9" coveredmethods="8" elements="155" coveredelements="112" complexity="0" loc="64" ncloc="64" packages="1" files="1" classes="1">
      <file name="index.js" path="/Users/lihaibo/Desktop/regexp/script/index.js">
        <metrics statements="64" coveredstatements="51" conditionals="82" coveredconditionals="53" methods="9" coveredmethods="8"/>
        <line num="1" count="1" type="stmt"/>
        <line num="2" count="1" type="cond" truecount="3" falsecount="5"/>
        <line num="5" count="1" type="stmt"/>
        <line num="6" count="0" type="cond" truecount="0" falsecount="2"/>
        <line num="7" count="0" type="cond" truecount="0" falsecount="2"/>
        <line num="8" count="0" type="stmt"/>
        <line num="11" count="1" type="cond" truecount="3" falsecount="1"/>
        <line num="12" count="1" type="cond" truecount="4" falsecount="1"/>
        <line num="13" count="1" type="stmt"/>
        <line num="15" count="1" type="stmt"/>
        <line num="17" count="0" type="stmt"/>
        <line num="21" count="1" type="stmt"/>
        <line num="23" count="1" type="stmt"/>
        <line num="24" count="1" type="stmt"/>
        <line num="30" count="1" type="stmt"/>
        <line num="31" count="3" type="stmt"/>
        <line num="37" count="3" type="stmt"/>
        <line num="38" count="3" type="stmt"/>
        <line num="39" count="3" type="cond" truecount="2" falsecount="2"/>
        <line num="40" count="0" type="stmt"/>
        <line num="41" count="0" type="stmt"/>
        <line num="44" count="3" type="cond" truecount="2" falsecount="2"/>
        <line num="45" count="0" type="stmt"/>
        <line num="46" count="0" type="stmt"/>
        <line num="49" count="3" type="stmt"/>
        <line num="50" count="3" type="stmt"/>
        <line num="54" count="1" type="stmt"/>
        <line num="55" count="3" type="cond" truecount="2" falsecount="0"/>
        <line num="56" count="3" type="cond" truecount="1" falsecount="1"/>
        <line num="57" count="0" type="stmt"/>
        <line num="58" count="0" type="stmt"/>
        <line num="61" count="3" type="stmt"/>
        <line num="62" count="6" type="cond" truecount="1" falsecount="1"/>
        <line num="63" count="0" type="stmt"/>
        <line num="64" count="0" type="stmt"/>
        <line num="68" count="6" type="cond" truecount="2" falsecount="0"/>
        <line num="70" count="4" type="cond" truecount="2" falsecount="0"/>
        <line num="71" count="1" type="stmt"/>
        <line num="72" count="3" type="cond" truecount="3" falsecount="1"/>
        <line num="73" count="0" type="stmt"/>
        <line num="75" count="3" type="stmt"/>
        <line num="80" count="6" type="cond" truecount="2" falsecount="0"/>
        <line num="81" count="1" type="stmt"/>
        <line num="82" count="1" type="cond" truecount="1" falsecount="1"/>
        <line num="84" count="5" type="stmt"/>
        <line num="85" count="5" type="cond" truecount="1" falsecount="1"/>
        <line num="88" count="6" type="cond" truecount="2" falsecount="0"/>
        <line num="89" count="6" type="cond" truecount="1" falsecount="1"/>
        <line num="90" count="6" type="cond" truecount="1" falsecount="1"/>
        <line num="91" count="6" type="cond" truecount="1" falsecount="1"/>
        <line num="93" count="6" type="cond" truecount="3" falsecount="0"/>
        <line num="95" count="6" type="cond" truecount="2" falsecount="0"/>
        <line num="97" count="6" type="stmt"/>
        <line num="100" count="3" type="cond" truecount="1" falsecount="1"/>
        <line num="101" count="3" type="cond" truecount="1" falsecount="1"/>
        <line num="105" count="1" type="stmt"/>
        <line num="106" count="2" type="stmt"/>
        <line num="110" count="1" type="stmt"/>
        <line num="111" count="4" type="cond" truecount="2" falsecount="0"/>
        <line num="114" count="1" type="stmt"/>
        <line num="115" count="6" type="cond" truecount="5" falsecount="1"/>
        <line num="116" count="1" type="stmt"/>
        <line num="117" count="1" type="cond" truecount="3" falsecount="1"/>
        <line num="118" count="1" type="cond" truecount="2" falsecount="2"/>
      </file>
    </metrics>
  </project>
</coverage>
