{"/Users/lihaibo/Desktop/regexp/script/index.js": {"path":"/Users/lihaibo/Desktop/regexp/script/index.js","statementMap":{"0":{"start":{"line":1,"column":0},"end":{"line":153,"column":5}},"1":{"start":{"line":2,"column":15},"end":{"line":2,"column":153}},"2":{"start":{"line":3,"column":17},"end":{"line":7,"column":5}},"3":{"start":{"line":4,"column":8},"end":{"line":4,"column":46}},"4":{"start":{"line":4,"column":35},"end":{"line":4,"column":46}},"5":{"start":{"line":5,"column":8},"end":{"line":5,"column":62}},"6":{"start":{"line":5,"column":39},"end":{"line":5,"column":62}},"7":{"start":{"line":6,"column":8},"end":{"line":6,"column":33}},"8":{"start":{"line":8,"column":4},"end":{"line":15,"column":5}},"9":{"start":{"line":9,"column":8},"end":{"line":11,"column":9}},"10":{"start":{"line":10,"column":12},"end":{"line":10,"column":46}},"11":{"start":{"line":12,"column":8},"end":{"line":12,"column":32}},"12":{"start":{"line":14,"column":8},"end":{"line":14,"column":29}},"13":{"start":{"line":18,"column":4},"end":{"line":18,"column":29}},"14":{"start":{"line":19,"column":4},"end":{"line":19,"column":20}},"15":{"start":{"line":20,"column":20},"end":{"line":25,"column":5}},"16":{"start":{"line":27,"column":4},"end":{"line":47,"column":6}},"17":{"start":{"line":28,"column":24},"end":{"line":40,"column":9}},"18":{"start":{"line":42,"column":8},"end":{"line":46,"column":9}},"19":{"start":{"line":43,"column":12},"end":{"line":43,"column":43}},"20":{"start":{"line":45,"column":12},"end":{"line":45,"column":46}},"21":{"start":{"line":50,"column":4},"end":{"line":68,"column":6}},"22":{"start":{"line":52,"column":27},"end":{"line":57,"column":9}},"23":{"start":{"line":58,"column":8},"end":{"line":58,"column":24}},"24":{"start":{"line":59,"column":21},"end":{"line":59,"column":53}},"25":{"start":{"line":60,"column":8},"end":{"line":62,"column":9}},"26":{"start":{"line":61,"column":12},"end":{"line":61,"column":48}},"27":{"start":{"line":63,"column":8},"end":{"line":65,"column":9}},"28":{"start":{"line":64,"column":12},"end":{"line":64,"column":48}},"29":{"start":{"line":66,"column":8},"end":{"line":66,"column":25}},"30":{"start":{"line":67,"column":8},"end":{"line":67,"column":35}},"31":{"start":{"line":71,"column":19},"end":{"line":121,"column":5}},"32":{"start":{"line":72,"column":8},"end":{"line":72,"column":52}},"33":{"start":{"line":73,"column":8},"end":{"line":75,"column":9}},"34":{"start":{"line":74,"column":12},"end":{"line":74,"column":42}},"35":{"start":{"line":77,"column":8},"end":{"line":119,"column":11}},"36":{"start":{"line":78,"column":12},"end":{"line":80,"column":13}},"37":{"start":{"line":79,"column":16},"end":{"line":79,"column":43}},"38":{"start":{"line":83,"column":16},"end":{"line":87,"column":73}},"39":{"start":{"line":91,"column":29},"end":{"line":91,"column":34}},"40":{"start":{"line":92,"column":27},"end":{"line":92,"column":32}},"41":{"start":{"line":93,"column":12},"end":{"line":108,"column":13}},"42":{"start":{"line":94,"column":16},"end":{"line":94,"column":32}},"43":{"start":{"line":95,"column":28},"end":{"line":95,"column":48}},"44":{"start":{"line":96,"column":16},"end":{"line":102,"column":17}},"45":{"start":{"line":97,"column":20},"end":{"line":101,"column":21}},"46":{"start":{"line":98,"column":24},"end":{"line":100,"column":25}},"47":{"start":{"line":99,"column":28},"end":{"line":99,"column":46}},"48":{"start":{"line":103,"column":16},"end":{"line":107,"column":17}},"49":{"start":{"line":104,"column":20},"end":{"line":104,"column":65}},"50":{"start":{"line":106,"column":20},"end":{"line":106,"column":63}},"51":{"start":{"line":110,"column":12},"end":{"line":110,"column":46}},"52":{"start":{"line":111,"column":12},"end":{"line":111,"column":56}},"53":{"start":{"line":112,"column":12},"end":{"line":112,"column":60}},"54":{"start":{"line":113,"column":12},"end":{"line":113,"column":64}},"55":{"start":{"line":115,"column":12},"end":{"line":115,"column":112}},"56":{"start":{"line":117,"column":12},"end":{"line":117,"column":67}},"57":{"start":{"line":118,"column":12},"end":{"line":118,"column":32}},"58":{"start":{"line":120,"column":8},"end":{"line":120,"column":53}},"59":{"start":{"line":124,"column":19},"end":{"line":126,"column":5}},"60":{"start":{"line":125,"column":8},"end":{"line":125,"column":39}},"61":{"start":{"line":129,"column":17},"end":{"line":131,"column":5}},"62":{"start":{"line":130,"column":8},"end":{"line":130,"column":64}},"63":{"start":{"line":134,"column":24},"end":{"line":142,"column":5}},"64":{"start":{"line":135,"column":8},"end":{"line":139,"column":9}},"65":{"start":{"line":136,"column":12},"end":{"line":136,"column":30}},"66":{"start":{"line":137,"column":12},"end":{"line":137,"column":109}},"67":{"start":{"line":138,"column":12},"end":{"line":138,"column":116}},"68":{"start":{"line":141,"column":8},"end":{"line":141,"column":51}},"69":{"start":{"line":145,"column":22},"end":{"line":152,"column":5}},"70":{"start":{"line":146,"column":8},"end":{"line":151,"column":9}},"71":{"start":{"line":147,"column":22},"end":{"line":147,"column":77}},"72":{"start":{"line":148,"column":12},"end":{"line":148,"column":47}},"73":{"start":{"line":150,"column":12},"end":{"line":150,"column":42}}},"fnMap":{"0":{"name":"(anonymous_0)","decl":{"start":{"line":1,"column":1},"end":{"line":1,"column":2}},"loc":{"start":{"line":1,"column":12},"end":{"line":153,"column":1}},"line":1},"1":{"name":"(anonymous_1)","decl":{"start":{"line":3,"column":17},"end":{"line":3,"column":18}},"loc":{"start":{"line":3,"column":31},"end":{"line":7,"column":5}},"line":3},"2":{"name":"(anonymous_2)","decl":{"start":{"line":27,"column":19},"end":{"line":27,"column":20}},"loc":{"start":{"line":27,"column":33},"end":{"line":47,"column":5}},"line":27},"3":{"name":"(anonymous_3)","decl":{"start":{"line":50,"column":18},"end":{"line":50,"column":19}},"loc":{"start":{"line":50,"column":32},"end":{"line":68,"column":5}},"line":50},"4":{"name":"(anonymous_4)","decl":{"start":{"line":71,"column":19},"end":{"line":71,"column":20}},"loc":{"start":{"line":71,"column":36},"end":{"line":121,"column":5}},"line":71},"5":{"name":"(anonymous_5)","decl":{"start":{"line":77,"column":28},"end":{"line":77,"column":29}},"loc":{"start":{"line":77,"column":36},"end":{"line":119,"column":9}},"line":77},"6":{"name":"(anonymous_6)","decl":{"start":{"line":124,"column":19},"end":{"line":124,"column":20}},"loc":{"start":{"line":124,"column":35},"end":{"line":126,"column":5}},"line":124},"7":{"name":"(anonymous_7)","decl":{"start":{"line":129,"column":17},"end":{"line":129,"column":18}},"loc":{"start":{"line":129,"column":40},"end":{"line":131,"column":5}},"line":129},"8":{"name":"(anonymous_8)","decl":{"start":{"line":134,"column":24},"end":{"line":134,"column":25}},"loc":{"start":{"line":134,"column":41},"end":{"line":142,"column":5}},"line":134},"9":{"name":"(anonymous_9)","decl":{"start":{"line":145,"column":22},"end":{"line":145,"column":23}},"loc":{"start":{"line":145,"column":39},"end":{"line":152,"column":5}},"line":145}},"branchMap":{"0":{"loc":{"start":{"line":2,"column":15},"end":{"line":2,"column":153}},"type":"binary-expr","locations":[{"start":{"line":2,"column":16},"end":{"line":2,"column":39}},{"start":{"line":2,"column":43},"end":{"line":2,"column":61}},{"start":{"line":2,"column":65},"end":{"line":2,"column":69}},{"start":{"line":2,"column":75},"end":{"line":2,"column":100}},{"start":{"line":2,"column":104},"end":{"line":2,"column":128}},{"start":{"line":2,"column":132},"end":{"line":2,"column":138}},{"start":{"line":2,"column":143},"end":{"line":2,"column":147}},{"start":{"line":2,"column":151},"end":{"line":2,"column":153}}],"line":2},"1":{"loc":{"start":{"line":4,"column":8},"end":{"line":4,"column":46}},"type":"if","locations":[{"start":{"line":4,"column":8},"end":{"line":4,"column":46}},{"start":{"line":4,"column":8},"end":{"line":4,"column":46}}],"line":4},"2":{"loc":{"start":{"line":5,"column":8},"end":{"line":5,"column":62}},"type":"if","locations":[{"start":{"line":5,"column":8},"end":{"line":5,"column":62}},{"start":{"line":5,"column":8},"end":{"line":5,"column":62}}],"line":5},"3":{"loc":{"start":{"line":8,"column":4},"end":{"line":15,"column":5}},"type":"if","locations":[{"start":{"line":8,"column":4},"end":{"line":15,"column":5}},{"start":{"line":8,"column":4},"end":{"line":15,"column":5}}],"line":8},"4":{"loc":{"start":{"line":8,"column":8},"end":{"line":8,"column":58}},"type":"binary-expr","locations":[{"start":{"line":8,"column":8},"end":{"line":8,"column":37}},{"start":{"line":8,"column":41},"end":{"line":8,"column":58}}],"line":8},"5":{"loc":{"start":{"line":9,"column":8},"end":{"line":11,"column":9}},"type":"if","locations":[{"start":{"line":9,"column":8},"end":{"line":11,"column":9}},{"start":{"line":9,"column":8},"end":{"line":11,"column":9}}],"line":9},"6":{"loc":{"start":{"line":9,"column":12},"end":{"line":9,"column":78}},"type":"binary-expr","locations":[{"start":{"line":9,"column":12},"end":{"line":9,"column":40}},{"start":{"line":9,"column":44},"end":{"line":9,"column":60}},{"start":{"line":9,"column":64},"end":{"line":9,"column":78}}],"line":9},"7":{"loc":{"start":{"line":42,"column":8},"end":{"line":46,"column":9}},"type":"if","locations":[{"start":{"line":42,"column":8},"end":{"line":46,"column":9}},{"start":{"line":42,"column":8},"end":{"line":46,"column":9}}],"line":42},"8":{"loc":{"start":{"line":60,"column":8},"end":{"line":62,"column":9}},"type":"if","locations":[{"start":{"line":60,"column":8},"end":{"line":62,"column":9}},{"start":{"line":60,"column":8},"end":{"line":62,"column":9}}],"line":60},"9":{"loc":{"start":{"line":60,"column":12},"end":{"line":60,"column":49}},"type":"binary-expr","locations":[{"start":{"line":60,"column":12},"end":{"line":60,"column":27}},{"start":{"line":60,"column":31},"end":{"line":60,"column":49}}],"line":60},"10":{"loc":{"start":{"line":63,"column":8},"end":{"line":65,"column":9}},"type":"if","locations":[{"start":{"line":63,"column":8},"end":{"line":65,"column":9}},{"start":{"line":63,"column":8},"end":{"line":65,"column":9}}],"line":63},"11":{"loc":{"start":{"line":63,"column":12},"end":{"line":63,"column":50}},"type":"binary-expr","locations":[{"start":{"line":63,"column":12},"end":{"line":63,"column":27}},{"start":{"line":63,"column":31},"end":{"line":63,"column":50}}],"line":63},"12":{"loc":{"start":{"line":72,"column":22},"end":{"line":72,"column":51}},"type":"cond-expr","locations":[{"start":{"line":72,"column":43},"end":{"line":72,"column":46}},{"start":{"line":72,"column":49},"end":{"line":72,"column":51}}],"line":72},"13":{"loc":{"start":{"line":73,"column":8},"end":{"line":75,"column":9}},"type":"if","locations":[{"start":{"line":73,"column":8},"end":{"line":75,"column":9}},{"start":{"line":73,"column":8},"end":{"line":75,"column":9}}],"line":73},"14":{"loc":{"start":{"line":78,"column":12},"end":{"line":80,"column":13}},"type":"if","locations":[{"start":{"line":78,"column":12},"end":{"line":80,"column":13}},{"start":{"line":78,"column":12},"end":{"line":80,"column":13}}],"line":78},"15":{"loc":{"start":{"line":83,"column":17},"end":{"line":83,"column":37}},"type":"cond-expr","locations":[{"start":{"line":83,"column":32},"end":{"line":83,"column":33}},{"start":{"line":83,"column":36},"end":{"line":83,"column":37}}],"line":83},"16":{"loc":{"start":{"line":84,"column":17},"end":{"line":84,"column":42}},"type":"cond-expr","locations":[{"start":{"line":84,"column":37},"end":{"line":84,"column":38}},{"start":{"line":84,"column":41},"end":{"line":84,"column":42}}],"line":84},"17":{"loc":{"start":{"line":85,"column":17},"end":{"line":85,"column":44}},"type":"cond-expr","locations":[{"start":{"line":85,"column":39},"end":{"line":85,"column":40}},{"start":{"line":85,"column":43},"end":{"line":85,"column":44}}],"line":85},"18":{"loc":{"start":{"line":86,"column":17},"end":{"line":86,"column":46}},"type":"cond-expr","locations":[{"start":{"line":86,"column":41},"end":{"line":86,"column":42}},{"start":{"line":86,"column":45},"end":{"line":86,"column":46}}],"line":86},"19":{"loc":{"start":{"line":87,"column":17},"end":{"line":87,"column":72}},"type":"cond-expr","locations":[{"start":{"line":87,"column":41},"end":{"line":87,"column":42}},{"start":{"line":87,"column":45},"end":{"line":87,"column":72}}],"line":87},"20":{"loc":{"start":{"line":93,"column":12},"end":{"line":108,"column":13}},"type":"if","locations":[{"start":{"line":93,"column":12},"end":{"line":108,"column":13}},{"start":{"line":93,"column":12},"end":{"line":108,"column":13}}],"line":93},"21":{"loc":{"start":{"line":96,"column":16},"end":{"line":102,"column":17}},"type":"if","locations":[{"start":{"line":96,"column":16},"end":{"line":102,"column":17}},{"start":{"line":96,"column":16},"end":{"line":102,"column":17}}],"line":96},"22":{"loc":{"start":{"line":98,"column":24},"end":{"line":100,"column":25}},"type":"if","locations":[{"start":{"line":98,"column":24},"end":{"line":100,"column":25}},{"start":{"line":98,"column":24},"end":{"line":100,"column":25}}],"line":98},"23":{"loc":{"start":{"line":98,"column":28},"end":{"line":98,"column":81}},"type":"binary-expr","locations":[{"start":{"line":98,"column":28},"end":{"line":98,"column":48}},{"start":{"line":98,"column":52},"end":{"line":98,"column":81}}],"line":98},"24":{"loc":{"start":{"line":103,"column":16},"end":{"line":107,"column":17}},"type":"if","locations":[{"start":{"line":103,"column":16},"end":{"line":107,"column":17}},{"start":{"line":103,"column":16},"end":{"line":107,"column":17}}],"line":103},"25":{"loc":{"start":{"line":104,"column":34},"end":{"line":104,"column":64}},"type":"cond-expr","locations":[{"start":{"line":104,"column":53},"end":{"line":104,"column":58}},{"start":{"line":104,"column":61},"end":{"line":104,"column":64}}],"line":104},"26":{"loc":{"start":{"line":106,"column":34},"end":{"line":106,"column":62}},"type":"cond-expr","locations":[{"start":{"line":106,"column":52},"end":{"line":106,"column":56}},{"start":{"line":106,"column":59},"end":{"line":106,"column":62}}],"line":106},"27":{"loc":{"start":{"line":110,"column":12},"end":{"line":110,"column":45}},"type":"binary-expr","locations":[{"start":{"line":110,"column":12},"end":{"line":110,"column":23}},{"start":{"line":110,"column":27},"end":{"line":110,"column":45}}],"line":110},"28":{"loc":{"start":{"line":111,"column":12},"end":{"line":111,"column":55}},"type":"binary-expr","locations":[{"start":{"line":111,"column":12},"end":{"line":111,"column":28}},{"start":{"line":111,"column":32},"end":{"line":111,"column":55}}],"line":111},"29":{"loc":{"start":{"line":112,"column":12},"end":{"line":112,"column":59}},"type":"binary-expr","locations":[{"start":{"line":112,"column":12},"end":{"line":112,"column":30}},{"start":{"line":112,"column":34},"end":{"line":112,"column":59}}],"line":112},"30":{"loc":{"start":{"line":113,"column":12},"end":{"line":113,"column":63}},"type":"binary-expr","locations":[{"start":{"line":113,"column":12},"end":{"line":113,"column":32}},{"start":{"line":113,"column":36},"end":{"line":113,"column":63}}],"line":113},"31":{"loc":{"start":{"line":115,"column":12},"end":{"line":115,"column":111}},"type":"binary-expr","locations":[{"start":{"line":115,"column":12},"end":{"line":115,"column":32}},{"start":{"line":115,"column":36},"end":{"line":115,"column":67}},{"start":{"line":115,"column":71},"end":{"line":115,"column":111}}],"line":115},"32":{"loc":{"start":{"line":117,"column":26},"end":{"line":117,"column":66}},"type":"cond-expr","locations":[{"start":{"line":117,"column":38},"end":{"line":117,"column":60}},{"start":{"line":117,"column":64},"end":{"line":117,"column":66}}],"line":117},"33":{"loc":{"start":{"line":117,"column":38},"end":{"line":117,"column":60}},"type":"cond-expr","locations":[{"start":{"line":117,"column":51},"end":{"line":117,"column":54}},{"start":{"line":117,"column":57},"end":{"line":117,"column":60}}],"line":117},"34":{"loc":{"start":{"line":120,"column":22},"end":{"line":120,"column":52}},"type":"cond-expr","locations":[{"start":{"line":120,"column":44},"end":{"line":120,"column":47}},{"start":{"line":120,"column":50},"end":{"line":120,"column":52}}],"line":120},"35":{"loc":{"start":{"line":130,"column":22},"end":{"line":130,"column":63}},"type":"cond-expr","locations":[{"start":{"line":130,"column":29},"end":{"line":130,"column":45}},{"start":{"line":130,"column":48},"end":{"line":130,"column":63}}],"line":130},"36":{"loc":{"start":{"line":135,"column":8},"end":{"line":139,"column":9}},"type":"if","locations":[{"start":{"line":135,"column":8},"end":{"line":139,"column":9}},{"start":{"line":135,"column":8},"end":{"line":139,"column":9}}],"line":135},"37":{"loc":{"start":{"line":135,"column":12},"end":{"line":135,"column":126}},"type":"binary-expr","locations":[{"start":{"line":135,"column":13},"end":{"line":135,"column":28}},{"start":{"line":135,"column":32},"end":{"line":135,"column":66}},{"start":{"line":135,"column":72},"end":{"line":135,"column":87}},{"start":{"line":135,"column":91},"end":{"line":135,"column":125}}],"line":135},"38":{"loc":{"start":{"line":137,"column":26},"end":{"line":137,"column":108}},"type":"cond-expr","locations":[{"start":{"line":137,"column":82},"end":{"line":137,"column":102}},{"start":{"line":137,"column":105},"end":{"line":137,"column":108}}],"line":137},"39":{"loc":{"start":{"line":137,"column":26},"end":{"line":137,"column":79}},"type":"binary-expr","locations":[{"start":{"line":137,"column":26},"end":{"line":137,"column":41}},{"start":{"line":137,"column":45},"end":{"line":137,"column":79}}],"line":137},"40":{"loc":{"start":{"line":138,"column":26},"end":{"line":138,"column":115}},"type":"cond-expr","locations":[{"start":{"line":138,"column":82},"end":{"line":138,"column":109}},{"start":{"line":138,"column":112},"end":{"line":138,"column":115}}],"line":138},"41":{"loc":{"start":{"line":138,"column":26},"end":{"line":138,"column":79}},"type":"binary-expr","locations":[{"start":{"line":138,"column":26},"end":{"line":138,"column":41}},{"start":{"line":138,"column":45},"end":{"line":138,"column":79}}],"line":138},"42":{"loc":{"start":{"line":141,"column":22},"end":{"line":141,"column":50}},"type":"cond-expr","locations":[{"start":{"line":141,"column":42},"end":{"line":141,"column":45}},{"start":{"line":141,"column":48},"end":{"line":141,"column":50}}],"line":141},"43":{"loc":{"start":{"line":146,"column":8},"end":{"line":151,"column":9}},"type":"if","locations":[{"start":{"line":146,"column":8},"end":{"line":151,"column":9}},{"start":{"line":146,"column":8},"end":{"line":151,"column":9}}],"line":146},"44":{"loc":{"start":{"line":146,"column":12},"end":{"line":146,"column":46}},"type":"binary-expr","locations":[{"start":{"line":146,"column":12},"end":{"line":146,"column":27}},{"start":{"line":146,"column":31},"end":{"line":146,"column":46}}],"line":146},"45":{"loc":{"start":{"line":147,"column":22},"end":{"line":147,"column":77}},"type":"cond-expr","locations":[{"start":{"line":147,"column":40},"end":{"line":147,"column":43}},{"start":{"line":147,"column":46},"end":{"line":147,"column":77}}],"line":147},"46":{"loc":{"start":{"line":147,"column":46},"end":{"line":147,"column":77}},"type":"cond-expr","locations":[{"start":{"line":147,"column":69},"end":{"line":147,"column":72}},{"start":{"line":147,"column":75},"end":{"line":147,"column":77}}],"line":147}},"s":{"0":1,"1":1,"2":1,"3":0,"4":0,"5":0,"6":0,"7":0,"8":1,"9":1,"10":1,"11":1,"12":0,"13":1,"14":1,"15":1,"16":1,"17":8,"18":8,"19":0,"20":8,"21":1,"22":10,"23":10,"24":10,"25":10,"26":0,"27":10,"28":0,"29":10,"30":10,"31":1,"32":10,"33":10,"34":0,"35":10,"36":15,"37":0,"38":15,"39":15,"40":15,"41":15,"42":5,"43":5,"44":5,"45":4,"46":13,"47":5,"48":5,"49":2,"50":3,"51":15,"52":15,"53":15,"54":15,"55":15,"56":15,"57":15,"58":10,"59":1,"60":4,"61":1,"62":12,"63":1,"64":15,"65":4,"66":4,"67":4,"68":15,"69":1,"70":10,"71":4,"72":4,"73":6},"f":{"0":1,"1":0,"2":8,"3":10,"4":10,"5":15,"6":4,"7":12,"8":15,"9":10},"b":{"0":[1,1,1,0,0,0,0,0],"1":[0,0],"2":[0,0],"3":[1,0],"4":[1,1],"5":[1,0],"6":[1,1,1],"7":[0,8],"8":[0,10],"9":[10,3],"10":[0,10],"11":[10,3],"12":[3,7],"13":[0,10],"14":[0,15],"15":[12,3],"16":[15,0],"17":[15,0],"18":[14,1],"19":[3,12],"20":[5,10],"21":[4,1],"22":[5,8],"23":[13,5],"24":[2,3],"25":[0,2],"26":[0,3],"27":[15,3],"28":[15,0],"29":[15,0],"30":[15,1],"31":[15,12,12],"32":[5,10],"33":[2,3],"34":[4,6],"35":[2,10],"36":[4,11],"37":[15,3,12,1],"38":[3,1],"39":[4,3],"40":[3,1],"41":[4,3],"42":[1,14],"43":[4,6],"44":[10,7],"45":[2,2],"46":[2,0]},"_coverageSchema":"332fd63041d2c1bcb487cc26dd0d5f7d97098a6c","hash":"6b60c4dd51434974736c02dbd79bf685eb6b2a2b"}
}
