{"/Users/lihaibo/Desktop/regexp/script/index.js": {"path":"/Users/lihaibo/Desktop/regexp/script/index.js","statementMap":{"0":{"start":{"line":1,"column":0},"end":{"line":160,"column":5}},"1":{"start":{"line":2,"column":15},"end":{"line":2,"column":153}},"2":{"start":{"line":3,"column":17},"end":{"line":7,"column":5}},"3":{"start":{"line":4,"column":8},"end":{"line":4,"column":46}},"4":{"start":{"line":4,"column":35},"end":{"line":4,"column":46}},"5":{"start":{"line":5,"column":8},"end":{"line":5,"column":62}},"6":{"start":{"line":5,"column":39},"end":{"line":5,"column":62}},"7":{"start":{"line":6,"column":8},"end":{"line":6,"column":33}},"8":{"start":{"line":8,"column":4},"end":{"line":15,"column":5}},"9":{"start":{"line":9,"column":8},"end":{"line":11,"column":9}},"10":{"start":{"line":10,"column":12},"end":{"line":10,"column":46}},"11":{"start":{"line":12,"column":8},"end":{"line":12,"column":32}},"12":{"start":{"line":14,"column":8},"end":{"line":14,"column":29}},"13":{"start":{"line":18,"column":4},"end":{"line":18,"column":29}},"14":{"start":{"line":19,"column":4},"end":{"line":19,"column":20}},"15":{"start":{"line":20,"column":20},"end":{"line":25,"column":5}},"16":{"start":{"line":27,"column":4},"end":{"line":47,"column":6}},"17":{"start":{"line":28,"column":24},"end":{"line":40,"column":9}},"18":{"start":{"line":42,"column":8},"end":{"line":46,"column":9}},"19":{"start":{"line":43,"column":12},"end":{"line":43,"column":43}},"20":{"start":{"line":45,"column":12},"end":{"line":45,"column":46}},"21":{"start":{"line":50,"column":4},"end":{"line":67,"column":6}},"22":{"start":{"line":51,"column":27},"end":{"line":56,"column":9}},"23":{"start":{"line":57,"column":8},"end":{"line":57,"column":24}},"24":{"start":{"line":58,"column":21},"end":{"line":58,"column":53}},"25":{"start":{"line":59,"column":8},"end":{"line":61,"column":9}},"26":{"start":{"line":60,"column":12},"end":{"line":60,"column":48}},"27":{"start":{"line":62,"column":8},"end":{"line":64,"column":9}},"28":{"start":{"line":63,"column":12},"end":{"line":63,"column":48}},"29":{"start":{"line":65,"column":8},"end":{"line":65,"column":25}},"30":{"start":{"line":66,"column":8},"end":{"line":66,"column":35}},"31":{"start":{"line":70,"column":19},"end":{"line":124,"column":5}},"32":{"start":{"line":71,"column":8},"end":{"line":71,"column":52}},"33":{"start":{"line":72,"column":8},"end":{"line":74,"column":9}},"34":{"start":{"line":73,"column":12},"end":{"line":73,"column":42}},"35":{"start":{"line":76,"column":8},"end":{"line":122,"column":11}},"36":{"start":{"line":77,"column":12},"end":{"line":79,"column":13}},"37":{"start":{"line":78,"column":16},"end":{"line":78,"column":43}},"38":{"start":{"line":82,"column":16},"end":{"line":86,"column":73}},"39":{"start":{"line":88,"column":29},"end":{"line":88,"column":34}},"40":{"start":{"line":89,"column":27},"end":{"line":89,"column":32}},"41":{"start":{"line":90,"column":12},"end":{"line":111,"column":13}},"42":{"start":{"line":91,"column":16},"end":{"line":91,"column":32}},"43":{"start":{"line":92,"column":28},"end":{"line":92,"column":48}},"44":{"start":{"line":93,"column":16},"end":{"line":99,"column":17}},"45":{"start":{"line":94,"column":20},"end":{"line":98,"column":21}},"46":{"start":{"line":95,"column":24},"end":{"line":97,"column":25}},"47":{"start":{"line":96,"column":28},"end":{"line":96,"column":46}},"48":{"start":{"line":101,"column":16},"end":{"line":105,"column":17}},"49":{"start":{"line":102,"column":20},"end":{"line":102,"column":65}},"50":{"start":{"line":104,"column":20},"end":{"line":104,"column":63}},"51":{"start":{"line":107,"column":16},"end":{"line":110,"column":17}},"52":{"start":{"line":108,"column":20},"end":{"line":108,"column":36}},"53":{"start":{"line":109,"column":20},"end":{"line":109,"column":39}},"54":{"start":{"line":113,"column":12},"end":{"line":113,"column":46}},"55":{"start":{"line":114,"column":12},"end":{"line":114,"column":56}},"56":{"start":{"line":115,"column":12},"end":{"line":115,"column":60}},"57":{"start":{"line":116,"column":12},"end":{"line":116,"column":64}},"58":{"start":{"line":118,"column":12},"end":{"line":118,"column":112}},"59":{"start":{"line":120,"column":12},"end":{"line":120,"column":67}},"60":{"start":{"line":121,"column":12},"end":{"line":121,"column":32}},"61":{"start":{"line":123,"column":8},"end":{"line":123,"column":53}},"62":{"start":{"line":127,"column":19},"end":{"line":129,"column":5}},"63":{"start":{"line":128,"column":8},"end":{"line":128,"column":39}},"64":{"start":{"line":132,"column":17},"end":{"line":134,"column":5}},"65":{"start":{"line":133,"column":8},"end":{"line":133,"column":64}},"66":{"start":{"line":137,"column":24},"end":{"line":149,"column":5}},"67":{"start":{"line":138,"column":8},"end":{"line":146,"column":9}},"68":{"start":{"line":139,"column":25},"end":{"line":139,"column":41}},"69":{"start":{"line":140,"column":12},"end":{"line":143,"column":13}},"70":{"start":{"line":141,"column":16},"end":{"line":141,"column":115}},"71":{"start":{"line":142,"column":16},"end":{"line":142,"column":120}},"72":{"start":{"line":144,"column":15},"end":{"line":146,"column":9}},"73":{"start":{"line":145,"column":12},"end":{"line":145,"column":43}},"74":{"start":{"line":148,"column":8},"end":{"line":148,"column":51}},"75":{"start":{"line":152,"column":22},"end":{"line":159,"column":5}},"76":{"start":{"line":153,"column":8},"end":{"line":158,"column":9}},"77":{"start":{"line":154,"column":22},"end":{"line":154,"column":77}},"78":{"start":{"line":155,"column":12},"end":{"line":155,"column":47}},"79":{"start":{"line":157,"column":12},"end":{"line":157,"column":42}}},"fnMap":{"0":{"name":"(anonymous_0)","decl":{"start":{"line":1,"column":1},"end":{"line":1,"column":2}},"loc":{"start":{"line":1,"column":12},"end":{"line":160,"column":1}},"line":1},"1":{"name":"(anonymous_1)","decl":{"start":{"line":3,"column":17},"end":{"line":3,"column":18}},"loc":{"start":{"line":3,"column":31},"end":{"line":7,"column":5}},"line":3},"2":{"name":"(anonymous_2)","decl":{"start":{"line":27,"column":19},"end":{"line":27,"column":20}},"loc":{"start":{"line":27,"column":33},"end":{"line":47,"column":5}},"line":27},"3":{"name":"(anonymous_3)","decl":{"start":{"line":50,"column":18},"end":{"line":50,"column":19}},"loc":{"start":{"line":50,"column":32},"end":{"line":67,"column":5}},"line":50},"4":{"name":"(anonymous_4)","decl":{"start":{"line":70,"column":19},"end":{"line":70,"column":20}},"loc":{"start":{"line":70,"column":36},"end":{"line":124,"column":5}},"line":70},"5":{"name":"(anonymous_5)","decl":{"start":{"line":76,"column":28},"end":{"line":76,"column":29}},"loc":{"start":{"line":76,"column":36},"end":{"line":122,"column":9}},"line":76},"6":{"name":"(anonymous_6)","decl":{"start":{"line":127,"column":19},"end":{"line":127,"column":20}},"loc":{"start":{"line":127,"column":35},"end":{"line":129,"column":5}},"line":127},"7":{"name":"(anonymous_7)","decl":{"start":{"line":132,"column":17},"end":{"line":132,"column":18}},"loc":{"start":{"line":132,"column":40},"end":{"line":134,"column":5}},"line":132},"8":{"name":"(anonymous_8)","decl":{"start":{"line":137,"column":24},"end":{"line":137,"column":25}},"loc":{"start":{"line":137,"column":41},"end":{"line":149,"column":5}},"line":137},"9":{"name":"(anonymous_9)","decl":{"start":{"line":152,"column":22},"end":{"line":152,"column":23}},"loc":{"start":{"line":152,"column":39},"end":{"line":159,"column":5}},"line":152}},"branchMap":{"0":{"loc":{"start":{"line":2,"column":15},"end":{"line":2,"column":153}},"type":"binary-expr","locations":[{"start":{"line":2,"column":16},"end":{"line":2,"column":39}},{"start":{"line":2,"column":43},"end":{"line":2,"column":61}},{"start":{"line":2,"column":65},"end":{"line":2,"column":69}},{"start":{"line":2,"column":75},"end":{"line":2,"column":100}},{"start":{"line":2,"column":104},"end":{"line":2,"column":128}},{"start":{"line":2,"column":132},"end":{"line":2,"column":138}},{"start":{"line":2,"column":143},"end":{"line":2,"column":147}},{"start":{"line":2,"column":151},"end":{"line":2,"column":153}}],"line":2},"1":{"loc":{"start":{"line":4,"column":8},"end":{"line":4,"column":46}},"type":"if","locations":[{"start":{"line":4,"column":8},"end":{"line":4,"column":46}},{"start":{"line":4,"column":8},"end":{"line":4,"column":46}}],"line":4},"2":{"loc":{"start":{"line":5,"column":8},"end":{"line":5,"column":62}},"type":"if","locations":[{"start":{"line":5,"column":8},"end":{"line":5,"column":62}},{"start":{"line":5,"column":8},"end":{"line":5,"column":62}}],"line":5},"3":{"loc":{"start":{"line":8,"column":4},"end":{"line":15,"column":5}},"type":"if","locations":[{"start":{"line":8,"column":4},"end":{"line":15,"column":5}},{"start":{"line":8,"column":4},"end":{"line":15,"column":5}}],"line":8},"4":{"loc":{"start":{"line":8,"column":8},"end":{"line":8,"column":58}},"type":"binary-expr","locations":[{"start":{"line":8,"column":8},"end":{"line":8,"column":37}},{"start":{"line":8,"column":41},"end":{"line":8,"column":58}}],"line":8},"5":{"loc":{"start":{"line":9,"column":8},"end":{"line":11,"column":9}},"type":"if","locations":[{"start":{"line":9,"column":8},"end":{"line":11,"column":9}},{"start":{"line":9,"column":8},"end":{"line":11,"column":9}}],"line":9},"6":{"loc":{"start":{"line":9,"column":12},"end":{"line":9,"column":78}},"type":"binary-expr","locations":[{"start":{"line":9,"column":12},"end":{"line":9,"column":40}},{"start":{"line":9,"column":44},"end":{"line":9,"column":60}},{"start":{"line":9,"column":64},"end":{"line":9,"column":78}}],"line":9},"7":{"loc":{"start":{"line":42,"column":8},"end":{"line":46,"column":9}},"type":"if","locations":[{"start":{"line":42,"column":8},"end":{"line":46,"column":9}},{"start":{"line":42,"column":8},"end":{"line":46,"column":9}}],"line":42},"8":{"loc":{"start":{"line":59,"column":8},"end":{"line":61,"column":9}},"type":"if","locations":[{"start":{"line":59,"column":8},"end":{"line":61,"column":9}},{"start":{"line":59,"column":8},"end":{"line":61,"column":9}}],"line":59},"9":{"loc":{"start":{"line":59,"column":12},"end":{"line":59,"column":49}},"type":"binary-expr","locations":[{"start":{"line":59,"column":12},"end":{"line":59,"column":27}},{"start":{"line":59,"column":31},"end":{"line":59,"column":49}}],"line":59},"10":{"loc":{"start":{"line":62,"column":8},"end":{"line":64,"column":9}},"type":"if","locations":[{"start":{"line":62,"column":8},"end":{"line":64,"column":9}},{"start":{"line":62,"column":8},"end":{"line":64,"column":9}}],"line":62},"11":{"loc":{"start":{"line":62,"column":12},"end":{"line":62,"column":50}},"type":"binary-expr","locations":[{"start":{"line":62,"column":12},"end":{"line":62,"column":27}},{"start":{"line":62,"column":31},"end":{"line":62,"column":50}}],"line":62},"12":{"loc":{"start":{"line":71,"column":22},"end":{"line":71,"column":51}},"type":"cond-expr","locations":[{"start":{"line":71,"column":43},"end":{"line":71,"column":46}},{"start":{"line":71,"column":49},"end":{"line":71,"column":51}}],"line":71},"13":{"loc":{"start":{"line":72,"column":8},"end":{"line":74,"column":9}},"type":"if","locations":[{"start":{"line":72,"column":8},"end":{"line":74,"column":9}},{"start":{"line":72,"column":8},"end":{"line":74,"column":9}}],"line":72},"14":{"loc":{"start":{"line":77,"column":12},"end":{"line":79,"column":13}},"type":"if","locations":[{"start":{"line":77,"column":12},"end":{"line":79,"column":13}},{"start":{"line":77,"column":12},"end":{"line":79,"column":13}}],"line":77},"15":{"loc":{"start":{"line":82,"column":17},"end":{"line":82,"column":37}},"type":"cond-expr","locations":[{"start":{"line":82,"column":32},"end":{"line":82,"column":33}},{"start":{"line":82,"column":36},"end":{"line":82,"column":37}}],"line":82},"16":{"loc":{"start":{"line":83,"column":17},"end":{"line":83,"column":42}},"type":"cond-expr","locations":[{"start":{"line":83,"column":37},"end":{"line":83,"column":38}},{"start":{"line":83,"column":41},"end":{"line":83,"column":42}}],"line":83},"17":{"loc":{"start":{"line":84,"column":17},"end":{"line":84,"column":44}},"type":"cond-expr","locations":[{"start":{"line":84,"column":39},"end":{"line":84,"column":40}},{"start":{"line":84,"column":43},"end":{"line":84,"column":44}}],"line":84},"18":{"loc":{"start":{"line":85,"column":17},"end":{"line":85,"column":46}},"type":"cond-expr","locations":[{"start":{"line":85,"column":41},"end":{"line":85,"column":42}},{"start":{"line":85,"column":45},"end":{"line":85,"column":46}}],"line":85},"19":{"loc":{"start":{"line":86,"column":17},"end":{"line":86,"column":72}},"type":"cond-expr","locations":[{"start":{"line":86,"column":41},"end":{"line":86,"column":42}},{"start":{"line":86,"column":45},"end":{"line":86,"column":72}}],"line":86},"20":{"loc":{"start":{"line":90,"column":12},"end":{"line":111,"column":13}},"type":"if","locations":[{"start":{"line":90,"column":12},"end":{"line":111,"column":13}},{"start":{"line":90,"column":12},"end":{"line":111,"column":13}}],"line":90},"21":{"loc":{"start":{"line":93,"column":16},"end":{"line":99,"column":17}},"type":"if","locations":[{"start":{"line":93,"column":16},"end":{"line":99,"column":17}},{"start":{"line":93,"column":16},"end":{"line":99,"column":17}}],"line":93},"22":{"loc":{"start":{"line":95,"column":24},"end":{"line":97,"column":25}},"type":"if","locations":[{"start":{"line":95,"column":24},"end":{"line":97,"column":25}},{"start":{"line":95,"column":24},"end":{"line":97,"column":25}}],"line":95},"23":{"loc":{"start":{"line":95,"column":28},"end":{"line":95,"column":81}},"type":"binary-expr","locations":[{"start":{"line":95,"column":28},"end":{"line":95,"column":48}},{"start":{"line":95,"column":52},"end":{"line":95,"column":81}}],"line":95},"24":{"loc":{"start":{"line":101,"column":16},"end":{"line":105,"column":17}},"type":"if","locations":[{"start":{"line":101,"column":16},"end":{"line":105,"column":17}},{"start":{"line":101,"column":16},"end":{"line":105,"column":17}}],"line":101},"25":{"loc":{"start":{"line":102,"column":34},"end":{"line":102,"column":64}},"type":"cond-expr","locations":[{"start":{"line":102,"column":53},"end":{"line":102,"column":58}},{"start":{"line":102,"column":61},"end":{"line":102,"column":64}}],"line":102},"26":{"loc":{"start":{"line":104,"column":34},"end":{"line":104,"column":62}},"type":"cond-expr","locations":[{"start":{"line":104,"column":52},"end":{"line":104,"column":56}},{"start":{"line":104,"column":59},"end":{"line":104,"column":62}}],"line":104},"27":{"loc":{"start":{"line":107,"column":16},"end":{"line":110,"column":17}},"type":"if","locations":[{"start":{"line":107,"column":16},"end":{"line":110,"column":17}},{"start":{"line":107,"column":16},"end":{"line":110,"column":17}}],"line":107},"28":{"loc":{"start":{"line":113,"column":12},"end":{"line":113,"column":45}},"type":"binary-expr","locations":[{"start":{"line":113,"column":12},"end":{"line":113,"column":23}},{"start":{"line":113,"column":27},"end":{"line":113,"column":45}}],"line":113},"29":{"loc":{"start":{"line":114,"column":12},"end":{"line":114,"column":55}},"type":"binary-expr","locations":[{"start":{"line":114,"column":12},"end":{"line":114,"column":28}},{"start":{"line":114,"column":32},"end":{"line":114,"column":55}}],"line":114},"30":{"loc":{"start":{"line":115,"column":12},"end":{"line":115,"column":59}},"type":"binary-expr","locations":[{"start":{"line":115,"column":12},"end":{"line":115,"column":30}},{"start":{"line":115,"column":34},"end":{"line":115,"column":59}}],"line":115},"31":{"loc":{"start":{"line":116,"column":12},"end":{"line":116,"column":63}},"type":"binary-expr","locations":[{"start":{"line":116,"column":12},"end":{"line":116,"column":32}},{"start":{"line":116,"column":36},"end":{"line":116,"column":63}}],"line":116},"32":{"loc":{"start":{"line":118,"column":12},"end":{"line":118,"column":111}},"type":"binary-expr","locations":[{"start":{"line":118,"column":12},"end":{"line":118,"column":32}},{"start":{"line":118,"column":36},"end":{"line":118,"column":67}},{"start":{"line":118,"column":71},"end":{"line":118,"column":111}}],"line":118},"33":{"loc":{"start":{"line":120,"column":26},"end":{"line":120,"column":66}},"type":"cond-expr","locations":[{"start":{"line":120,"column":38},"end":{"line":120,"column":60}},{"start":{"line":120,"column":64},"end":{"line":120,"column":66}}],"line":120},"34":{"loc":{"start":{"line":120,"column":38},"end":{"line":120,"column":60}},"type":"cond-expr","locations":[{"start":{"line":120,"column":51},"end":{"line":120,"column":54}},{"start":{"line":120,"column":57},"end":{"line":120,"column":60}}],"line":120},"35":{"loc":{"start":{"line":123,"column":22},"end":{"line":123,"column":52}},"type":"cond-expr","locations":[{"start":{"line":123,"column":44},"end":{"line":123,"column":47}},{"start":{"line":123,"column":50},"end":{"line":123,"column":52}}],"line":123},"36":{"loc":{"start":{"line":133,"column":22},"end":{"line":133,"column":63}},"type":"cond-expr","locations":[{"start":{"line":133,"column":29},"end":{"line":133,"column":45}},{"start":{"line":133,"column":48},"end":{"line":133,"column":63}}],"line":133},"37":{"loc":{"start":{"line":138,"column":8},"end":{"line":146,"column":9}},"type":"if","locations":[{"start":{"line":138,"column":8},"end":{"line":146,"column":9}},{"start":{"line":138,"column":8},"end":{"line":146,"column":9}}],"line":138},"38":{"loc":{"start":{"line":138,"column":12},"end":{"line":138,"column":67}},"type":"binary-expr","locations":[{"start":{"line":138,"column":12},"end":{"line":138,"column":28}},{"start":{"line":138,"column":32},"end":{"line":138,"column":67}}],"line":138},"39":{"loc":{"start":{"line":140,"column":12},"end":{"line":143,"column":13}},"type":"if","locations":[{"start":{"line":140,"column":12},"end":{"line":143,"column":13}},{"start":{"line":140,"column":12},"end":{"line":143,"column":13}}],"line":140},"40":{"loc":{"start":{"line":140,"column":16},"end":{"line":140,"column":130}},"type":"binary-expr","locations":[{"start":{"line":140,"column":17},"end":{"line":140,"column":32}},{"start":{"line":140,"column":36},"end":{"line":140,"column":70}},{"start":{"line":140,"column":76},"end":{"line":140,"column":91}},{"start":{"line":140,"column":95},"end":{"line":140,"column":129}}],"line":140},"41":{"loc":{"start":{"line":141,"column":30},"end":{"line":141,"column":114}},"type":"cond-expr","locations":[{"start":{"line":141,"column":86},"end":{"line":141,"column":107}},{"start":{"line":141,"column":110},"end":{"line":141,"column":114}}],"line":141},"42":{"loc":{"start":{"line":141,"column":30},"end":{"line":141,"column":83}},"type":"binary-expr","locations":[{"start":{"line":141,"column":30},"end":{"line":141,"column":45}},{"start":{"line":141,"column":49},"end":{"line":141,"column":83}}],"line":141},"43":{"loc":{"start":{"line":142,"column":30},"end":{"line":142,"column":119}},"type":"cond-expr","locations":[{"start":{"line":142,"column":86},"end":{"line":142,"column":113}},{"start":{"line":142,"column":116},"end":{"line":142,"column":119}}],"line":142},"44":{"loc":{"start":{"line":142,"column":30},"end":{"line":142,"column":83}},"type":"binary-expr","locations":[{"start":{"line":142,"column":30},"end":{"line":142,"column":45}},{"start":{"line":142,"column":49},"end":{"line":142,"column":83}}],"line":142},"45":{"loc":{"start":{"line":144,"column":15},"end":{"line":146,"column":9}},"type":"if","locations":[{"start":{"line":144,"column":15},"end":{"line":146,"column":9}},{"start":{"line":144,"column":15},"end":{"line":146,"column":9}}],"line":144},"46":{"loc":{"start":{"line":144,"column":19},"end":{"line":144,"column":74}},"type":"binary-expr","locations":[{"start":{"line":144,"column":19},"end":{"line":144,"column":35}},{"start":{"line":144,"column":39},"end":{"line":144,"column":74}}],"line":144},"47":{"loc":{"start":{"line":148,"column":22},"end":{"line":148,"column":50}},"type":"cond-expr","locations":[{"start":{"line":148,"column":42},"end":{"line":148,"column":45}},{"start":{"line":148,"column":48},"end":{"line":148,"column":50}}],"line":148},"48":{"loc":{"start":{"line":153,"column":8},"end":{"line":158,"column":9}},"type":"if","locations":[{"start":{"line":153,"column":8},"end":{"line":158,"column":9}},{"start":{"line":153,"column":8},"end":{"line":158,"column":9}}],"line":153},"49":{"loc":{"start":{"line":153,"column":12},"end":{"line":153,"column":46}},"type":"binary-expr","locations":[{"start":{"line":153,"column":12},"end":{"line":153,"column":27}},{"start":{"line":153,"column":31},"end":{"line":153,"column":46}}],"line":153},"50":{"loc":{"start":{"line":154,"column":22},"end":{"line":154,"column":77}},"type":"cond-expr","locations":[{"start":{"line":154,"column":40},"end":{"line":154,"column":43}},{"start":{"line":154,"column":46},"end":{"line":154,"column":77}}],"line":154},"51":{"loc":{"start":{"line":154,"column":46},"end":{"line":154,"column":77}},"type":"cond-expr","locations":[{"start":{"line":154,"column":69},"end":{"line":154,"column":72}},{"start":{"line":154,"column":75},"end":{"line":154,"column":77}}],"line":154}},"s":{"0":1,"1":1,"2":1,"3":0,"4":0,"5":0,"6":0,"7":0,"8":1,"9":1,"10":1,"11":1,"12":0,"13":1,"14":1,"15":1,"16":1,"17":8,"18":8,"19":0,"20":8,"21":1,"22":11,"23":11,"24":11,"25":11,"26":0,"27":11,"28":0,"29":11,"30":11,"31":1,"32":11,"33":11,"34":0,"35":11,"36":16,"37":0,"38":16,"39":16,"40":16,"41":16,"42":5,"43":5,"44":5,"45":4,"46":13,"47":5,"48":5,"49":2,"50":3,"51":11,"52":1,"53":1,"54":16,"55":16,"56":16,"57":16,"58":16,"59":16,"60":16,"61":11,"62":1,"63":4,"64":1,"65":13,"66":1,"67":16,"68":4,"69":4,"70":4,"71":4,"72":12,"73":0,"74":16,"75":1,"76":11,"77":5,"78":5,"79":6},"f":{"0":1,"1":0,"2":8,"3":11,"4":11,"5":16,"6":4,"7":13,"8":16,"9":11},"b":{"0":[1,1,1,0,0,0,0,0],"1":[0,0],"2":[0,0],"3":[1,0],"4":[1,1],"5":[1,0],"6":[1,1,1],"7":[0,8],"8":[0,11],"9":[11,4],"10":[0,11],"11":[11,4],"12":[3,8],"13":[0,11],"14":[0,16],"15":[13,3],"16":[16,0],"17":[16,0],"18":[15,1],"19":[3,13],"20":[5,11],"21":[4,1],"22":[5,8],"23":[13,5],"24":[2,3],"25":[0,2],"26":[0,3],"27":[1,10],"28":[16,3],"29":[16,0],"30":[16,0],"31":[16,1],"32":[16,13,13],"33":[6,10],"34":[2,4],"35":[4,7],"36":[2,11],"37":[4,12],"38":[16,4],"39":[4,0],"40":[4,3,1,1],"41":[3,1],"42":[4,3],"43":[3,1],"44":[4,3],"45":[0,12],"46":[12,0],"47":[1,15],"48":[5,6],"49":[11,7],"50":[2,3],"51":[3,0]},"_coverageSchema":"332fd63041d2c1bcb487cc26dd0d5f7d97098a6c","hash":"5a3a263894f605e7a4697420680659602587fd07"}
}
