TN:
SF:/Users/lihaibo/Desktop/regexp/script/index.js
FN:1,(anonymous_0)
FN:3,(anonymous_1)
FN:27,(anonymous_2)
FN:50,(anonymous_3)
FN:71,(anonymous_4)
FN:77,(anonymous_5)
FN:108,(anonymous_6)
FN:113,(anonymous_7)
FN:118,(anonymous_8)
FN:127,(anonymous_9)
FNF:10
FNH:9
FNDA:1,(anonymous_0)
FNDA:0,(anonymous_1)
FNDA:8,(anonymous_2)
FNDA:9,(anonymous_3)
FNDA:9,(anonymous_4)
FNDA:12,(anonymous_5)
FNDA:4,(anonymous_6)
FNDA:9,(anonymous_7)
FNDA:12,(anonymous_8)
FNDA:9,(anonymous_9)
DA:1,1
DA:2,1
DA:3,1
DA:4,0
DA:5,0
DA:6,0
DA:8,1
DA:9,1
DA:10,1
DA:12,1
DA:14,0
DA:18,1
DA:19,1
DA:20,1
DA:27,1
DA:28,8
DA:42,8
DA:43,0
DA:45,8
DA:50,1
DA:52,9
DA:58,9
DA:59,9
DA:60,9
DA:61,0
DA:63,9
DA:64,0
DA:66,9
DA:67,9
DA:71,1
DA:72,9
DA:73,9
DA:74,0
DA:77,9
DA:78,12
DA:79,0
DA:81,12
DA:82,12
DA:83,12
DA:84,9
DA:85,14
DA:86,5
DA:90,12
DA:91,2
DA:93,10
DA:95,12
DA:96,12
DA:97,12
DA:98,12
DA:100,12
DA:101,12
DA:102,12
DA:104,9
DA:108,1
DA:109,4
DA:113,1
DA:114,9
DA:118,1
DA:119,12
DA:120,3
DA:121,3
DA:122,3
DA:127,1
DA:128,9
DA:129,3
DA:130,3
DA:132,6
LF:67
LH:58
BRDA:2,0,0,1
BRDA:2,0,1,1
BRDA:2,0,2,1
BRDA:2,0,3,0
BRDA:2,0,4,0
BRDA:2,0,5,0
BRDA:2,0,6,0
BRDA:2,0,7,0
BRDA:4,1,0,0
BRDA:4,1,1,0
BRDA:5,2,0,0
BRDA:5,2,1,0
BRDA:8,3,0,1
BRDA:8,3,1,0
BRDA:8,4,0,1
BRDA:8,4,1,1
BRDA:9,5,0,1
BRDA:9,5,1,0
BRDA:9,6,0,1
BRDA:9,6,1,1
BRDA:9,6,2,1
BRDA:42,7,0,0
BRDA:42,7,1,8
BRDA:60,8,0,0
BRDA:60,8,1,9
BRDA:60,9,0,9
BRDA:60,9,1,2
BRDA:63,10,0,0
BRDA:63,10,1,9
BRDA:63,11,0,9
BRDA:63,11,1,2
BRDA:72,12,0,3
BRDA:72,12,1,6
BRDA:73,13,0,0
BRDA:73,13,1,9
BRDA:78,14,0,0
BRDA:78,14,1,12
BRDA:83,15,0,9
BRDA:83,15,1,3
BRDA:85,16,0,5
BRDA:85,16,1,9
BRDA:85,17,0,14
BRDA:85,17,1,5
BRDA:90,18,0,2
BRDA:90,18,1,10
BRDA:91,19,0,0
BRDA:91,19,1,2
BRDA:93,20,0,0
BRDA:93,20,1,10
BRDA:95,21,0,12
BRDA:95,21,1,3
BRDA:96,22,0,12
BRDA:96,22,1,0
BRDA:97,23,0,12
BRDA:97,23,1,0
BRDA:98,24,0,12
BRDA:98,24,1,1
BRDA:100,25,0,12
BRDA:100,25,1,9
BRDA:100,25,2,9
BRDA:101,26,0,2
BRDA:101,26,1,10
BRDA:104,27,0,4
BRDA:104,27,1,5
BRDA:114,28,0,2
BRDA:114,28,1,7
BRDA:119,29,0,3
BRDA:119,29,1,9
BRDA:119,30,0,12
BRDA:119,30,1,3
BRDA:119,30,2,9
BRDA:119,30,3,0
BRDA:121,31,0,3
BRDA:121,31,1,0
BRDA:121,32,0,3
BRDA:121,32,1,3
BRDA:122,33,0,2
BRDA:122,33,1,1
BRDA:122,34,0,3
BRDA:122,34,1,2
BRDA:128,35,0,3
BRDA:128,35,1,6
BRDA:128,36,0,9
BRDA:128,36,1,7
BRDA:129,37,0,2
BRDA:129,37,1,1
BRDA:129,38,0,1
BRDA:129,38,1,0
BRF:88
BRH:65
end_of_record
