TN:
SF:/Users/lihaibo/Desktop/regexp/script/index.js
FN:1,(anonymous_0)
FN:5,(anonymous_1)
FN:30,(anonymous_2)
FN:54,(anonymous_3)
FN:61,(anonymous_4)
FN:69,(anonymous_5)
FN:105,(anonymous_6)
FN:110,(anonymous_7)
FN:114,(anonymous_8)
FNF:9
FNH:8
FNDA:1,(anonymous_0)
FNDA:0,(anonymous_1)
FNDA:3,(anonymous_2)
FNDA:3,(anonymous_3)
FNDA:6,(anonymous_4)
FNDA:4,(anonymous_5)
FNDA:2,(anonymous_6)
FNDA:4,(anonymous_7)
FNDA:6,(anonymous_8)
DA:1,1
DA:2,1
DA:5,1
DA:6,0
DA:7,0
DA:8,0
DA:11,1
DA:12,1
DA:13,1
DA:15,1
DA:17,0
DA:21,1
DA:23,1
DA:24,1
DA:30,1
DA:31,3
DA:37,3
DA:38,3
DA:39,3
DA:40,0
DA:41,0
DA:44,3
DA:45,0
DA:46,0
DA:49,3
DA:50,3
DA:54,1
DA:55,3
DA:56,3
DA:57,0
DA:58,0
DA:61,3
DA:62,6
DA:63,0
DA:64,0
DA:68,6
DA:70,4
DA:71,1
DA:72,3
DA:73,0
DA:75,3
DA:80,6
DA:81,1
DA:82,1
DA:84,5
DA:85,5
DA:88,6
DA:89,6
DA:90,6
DA:91,6
DA:93,6
DA:95,6
DA:97,6
DA:100,3
DA:101,3
DA:105,1
DA:106,2
DA:110,1
DA:111,4
DA:114,1
DA:115,6
DA:116,1
DA:117,1
DA:118,1
LF:64
LH:51
BRDA:2,0,0,1
BRDA:2,0,1,1
BRDA:2,0,2,1
BRDA:2,0,3,0
BRDA:2,0,4,0
BRDA:2,0,5,0
BRDA:2,0,6,0
BRDA:2,0,7,0
BRDA:6,1,0,0
BRDA:6,1,1,0
BRDA:7,2,0,0
BRDA:7,2,1,0
BRDA:11,3,0,1
BRDA:11,3,1,0
BRDA:11,4,0,1
BRDA:11,4,1,1
BRDA:12,5,0,1
BRDA:12,5,1,0
BRDA:12,6,0,1
BRDA:12,6,1,1
BRDA:12,6,2,1
BRDA:39,7,0,0
BRDA:39,7,1,3
BRDA:39,8,0,3
BRDA:39,8,1,0
BRDA:44,9,0,0
BRDA:44,9,1,3
BRDA:44,10,0,3
BRDA:44,10,1,0
BRDA:55,11,0,2
BRDA:55,11,1,1
BRDA:56,12,0,0
BRDA:56,12,1,3
BRDA:62,13,0,0
BRDA:62,13,1,6
BRDA:68,14,0,6
BRDA:68,14,1,4
BRDA:70,15,0,1
BRDA:70,15,1,3
BRDA:72,16,0,0
BRDA:72,16,1,3
BRDA:72,17,0,3
BRDA:72,17,1,1
BRDA:80,18,0,1
BRDA:80,18,1,5
BRDA:82,19,0,0
BRDA:82,19,1,1
BRDA:85,20,0,0
BRDA:85,20,1,5
BRDA:88,21,0,6
BRDA:88,21,1,2
BRDA:89,22,0,6
BRDA:89,22,1,0
BRDA:90,23,0,6
BRDA:90,23,1,0
BRDA:91,24,0,6
BRDA:91,24,1,0
BRDA:93,25,0,6
BRDA:93,25,1,4
BRDA:93,25,2,4
BRDA:95,26,0,1
BRDA:95,26,1,5
BRDA:100,27,0,3
BRDA:100,27,1,0
BRDA:101,28,0,0
BRDA:101,28,1,3
BRDA:111,29,0,1
BRDA:111,29,1,3
BRDA:115,30,0,1
BRDA:115,30,1,5
BRDA:115,31,0,6
BRDA:115,31,1,1
BRDA:115,31,2,5
BRDA:115,31,3,0
BRDA:117,32,0,1
BRDA:117,32,1,0
BRDA:117,33,0,1
BRDA:117,33,1,1
BRDA:118,34,0,0
BRDA:118,34,1,1
BRDA:118,35,0,1
BRDA:118,35,1,0
BRF:82
BRH:53
end_of_record
